0 info it worked if it ends with ok
1 verbose cli [ '/usr/local/bin/node', '/usr/local/bin/npm', 'publish' ]
2 info using npm@4.0.5
3 info using node@v7.4.0
4 verbose publish [ '.' ]
5 silly cache add args [ '.', null ]
6 verbose cache add spec .
7 silly cache add parsed spec Result {
7 silly cache add   raw: '.',
7 silly cache add   scope: null,
7 silly cache add   escapedName: null,
7 silly cache add   name: null,
7 silly cache add   rawSpec: '.',
7 silly cache add   spec: '/Users/snyder/git/isone',
7 silly cache add   type: 'directory' }
8 verbose addLocalDirectory /Users/snyder/.npm/isone/1.0.1/package.tgz not in flight; packing
9 verbose correctMkdir /Users/snyder/.npm correctMkdir not in flight; initializing
10 info lifecycle isone@1.0.1~prepublish: isone@1.0.1
11 silly lifecycle isone@1.0.1~prepublish: no script for prepublish, continuing
12 info lifecycle isone@1.0.1~prepare: isone@1.0.1
13 silly lifecycle isone@1.0.1~prepare: no script for prepare, continuing
14 verbose tar pack [ '/Users/snyder/.npm/isone/1.0.1/package.tgz',
14 verbose tar pack   '/Users/snyder/git/isone' ]
15 verbose tarball /Users/snyder/.npm/isone/1.0.1/package.tgz
16 verbose folder /Users/snyder/git/isone
17 verbose addLocalTarball adding from inside cache /Users/snyder/.npm/isone/1.0.1/package.tgz
18 verbose correctMkdir /Users/snyder/.npm correctMkdir not in flight; initializing
19 silly cache afterAdd isone@1.0.1
20 verbose afterAdd /Users/snyder/.npm/isone/1.0.1/package/package.json not in flight; writing
21 verbose correctMkdir /Users/snyder/.npm correctMkdir not in flight; initializing
22 verbose afterAdd /Users/snyder/.npm/isone/1.0.1/package/package.json written
23 silly publish { name: 'isone',
23 silly publish   author: { name: 'Nick Snyder' },
23 silly publish   version: '1.0.1',
23 silly publish   private: true,
23 silly publish   scripts: { start: 'node ./app' },
23 silly publish   readme: '# Is One\nA small package to determine if a variable is equal to one.\n\n## Safe Harbor\nYes this is a joke.\n',
23 silly publish   readmeFilename: 'README.md',
23 silly publish   gitHead: '6749e007a9829f279c7e2eb80a006436f2ce14c5',
23 silly publish   description: 'A small package to determine if a variable is equal to one.',
23 silly publish   _id: 'isone@1.0.1',
23 silly publish   _shasum: 'c6f99d9fb33e1fe31f166e45183f49dc3558aed0',
23 silly publish   _from: '.' }
24 info lifecycle isone@1.0.1~prepublishOnly: isone@1.0.1
25 silly lifecycle isone@1.0.1~prepublishOnly: no script for prepublishOnly, continuing
26 verbose getPublishConfig undefined
27 verbose stack Error: This package has been marked as private
27 verbose stack Remove the 'private' field from the package.json to publish it.
27 verbose stack     at publish_ (/usr/local/lib/node_modules/npm/lib/publish.js:102:15)
27 verbose stack     at Array.<anonymous> (/usr/local/lib/node_modules/npm/node_modules/slide/lib/bind-actor.js:15:8)
27 verbose stack     at LOOP (/usr/local/lib/node_modules/npm/node_modules/slide/lib/chain.js:15:14)
27 verbose stack     at /usr/local/lib/node_modules/npm/node_modules/slide/lib/chain.js:18:7
27 verbose stack     at done (/usr/local/lib/node_modules/npm/lib/utils/lifecycle.js:132:5)
27 verbose stack     at LOOP (/usr/local/lib/node_modules/npm/node_modules/slide/lib/chain.js:7:26)
27 verbose stack     at /usr/local/lib/node_modules/npm/node_modules/slide/lib/chain.js:18:7
27 verbose stack     at /usr/local/lib/node_modules/npm/lib/utils/lifecycle.js:318:20
27 verbose stack     at /usr/local/lib/node_modules/npm/node_modules/graceful-fs/polyfills.js:284:29
27 verbose stack     at FSReqWrap.oncomplete (fs.js:112:15)
28 verbose cwd /Users/snyder/git/isone
29 error Darwin 16.4.0
30 error argv "/usr/local/bin/node" "/usr/local/bin/npm" "publish"
31 error node v7.4.0
32 error npm  v4.0.5
33 error This package has been marked as private
33 error Remove the 'private' field from the package.json to publish it.
34 error If you need help, you may report this error at:
34 error     <https://github.com/npm/npm/issues>
35 verbose exit [ 1, true ]
